<?xml version="1.0" encoding="UTF-8"?>
<coverage generated="1715765023524" clover="3.2.0">
  <project timestamp="1715765023524" name="All files">
    <metrics statements="7" coveredstatements="4" conditionals="6" coveredconditionals="1" methods="2" coveredmethods="2" elements="15" coveredelements="7" complexity="0" loc="7" ncloc="7" packages="1" files="1" classes="1"/>
    <file name="index.js" path="C:\Users\Asus\Desktop\note\index.js">
      <metrics statements="7" coveredstatements="4" conditionals="6" coveredconditionals="1" methods="2" coveredmethods="2"/>
      <line num="1" count="1" type="stmt"/>
      <line num="2" count="3" type="stmt"/>
      <line num="5" count="1" type="stmt"/>
      <line num="6" count="1" type="cond" truecount="1" falsecount="1"/>
      <line num="7" count="0" type="cond" truecount="0" falsecount="2"/>
      <line num="8" count="0" type="cond" truecount="0" falsecount="2"/>
      <line num="9" count="0" type="stmt"/>
    </file>
  </project>
</coverage>
