{"C:\\Users\\Asus\\Desktop\\note\\index.js": {"path":"C:\\Users\\Asus\\Desktop\\note\\index.js","statementMap":{"0":{"start":{"line":1,"column":0},"end":{"line":3,"column":2}},"1":{"start":{"line":2,"column":4},"end":{"line":2,"column":17}},"2":{"start":{"line":5,"column":0},"end":{"line":10,"column":1}},"3":{"start":{"line":6,"column":4},"end":{"line":6,"column":35}},"4":{"start":{"line":6,"column":23},"end":{"line":6,"column":35}},"5":{"start":{"line":7,"column":4},"end":{"line":7,"column":38}},"6":{"start":{"line":7,"column":25},"end":{"line":7,"column":38}},"7":{"start":{"line":8,"column":4},"end":{"line":8,"column":37}},"8":{"start":{"line":8,"column":25},"end":{"line":8,"column":37}},"9":{"start":{"line":9,"column":4},"end":{"line":9,"column":16}}},"fnMap":{"0":{"name":"(anonymous_0)","decl":{"start":{"line":1,"column":28},"end":{"line":1,"column":29}},"loc":{"start":{"line":1,"column":35},"end":{"line":3,"column":1}},"line":1},"1":{"name":"(anonymous_1)","decl":{"start":{"line":5,"column":28},"end":{"line":5,"column":29}},"loc":{"start":{"line":5,"column":38},"end":{"line":10,"column":1}},"line":5}},"branchMap":{"0":{"loc":{"start":{"line":6,"column":4},"end":{"line":6,"column":35}},"type":"if","locations":[{"start":{"line":6,"column":4},"end":{"line":6,"column":35}},{"start":{},"end":{}}],"line":6},"1":{"loc":{"start":{"line":7,"column":4},"end":{"line":7,"column":38}},"type":"if","locations":[{"start":{"line":7,"column":4},"end":{"line":7,"column":38}},{"start":{},"end":{}}],"line":7},"2":{"loc":{"start":{"line":8,"column":4},"end":{"line":8,"column":37}},"type":"if","locations":[{"start":{"line":8,"column":4},"end":{"line":8,"column":37}},{"start":{},"end":{}}],"line":8}},"s":{"0":1,"1":3,"2":1,"3":1,"4":1,"5":0,"6":0,"7":0,"8":0,"9":0},"f":{"0":3,"1":1},"b":{"0":[1,0],"1":[0,0],"2":[0,0]},"_coverageSchema":"1a1c01bbd47fc00a2c39e90264f33305004495a9","hash":"8fe3ad6b9f6d80931f5188069bd6387ae22be196"}
}
